{"total": {"lines":{"total":115,"covered":110,"skipped":0,"pct":95.65},"statements":{"total":117,"covered":111,"skipped":0,"pct":94.87},"functions":{"total":16,"covered":14,"skipped":0,"pct":87.5},"branches":{"total":73,"covered":54,"skipped":0,"pct":73.97},"branchesTrue":{"total":0,"covered":0,"skipped":0,"pct":100}}
,"C:\\INGSOFT3\\INGSOFT3\\TP7\\server\\src\\app.ts": {"lines":{"total":31,"covered":31,"skipped":0,"pct":100},"functions":{"total":3,"covered":3,"skipped":0,"pct":100},"statements":{"total":31,"covered":31,"skipped":0,"pct":100},"branches":{"total":25,"covered":15,"skipped":0,"pct":60}}
,"C:\\INGSOFT3\\INGSOFT3\\TP7\\server\\src\\db.ts": {"lines":{"total":17,"covered":17,"skipped":0,"pct":100},"functions":{"total":3,"covered":3,"skipped":0,"pct":100},"statements":{"total":18,"covered":18,"skipped":0,"pct":100},"branches":{"total":12,"covered":11,"skipped":0,"pct":91.66}}
,"C:\\INGSOFT3\\INGSOFT3\\TP7\\server\\src\\index.ts": {"lines":{"total":32,"covered":27,"skipped":0,"pct":84.37},"functions":{"total":6,"covered":4,"skipped":0,"pct":66.66},"statements":{"total":33,"covered":27,"skipped":0,"pct":81.81},"branches":{"total":28,"covered":21,"skipped":0,"pct":75}}
,"C:\\INGSOFT3\\INGSOFT3\\TP7\\server\\src\\migrate.ts": {"lines":{"total":13,"covered":13,"skipped":0,"pct":100},"functions":{"total":1,"covered":1,"skipped":0,"pct":100},"statements":{"total":13,"covered":13,"skipped":0,"pct":100},"branches":{"total":0,"covered":0,"skipped":0,"pct":100}}
,"C:\\INGSOFT3\\INGSOFT3\\TP7\\server\\src\\routes\\api.ts": {"lines":{"total":18,"covered":18,"skipped":0,"pct":100},"functions":{"total":2,"covered":2,"skipped":0,"pct":100},"statements":{"total":18,"covered":18,"skipped":0,"pct":100},"branches":{"total":6,"covered":5,"skipped":0,"pct":83.33}}
,"C:\\INGSOFT3\\INGSOFT3\\TP7\\server\\src\\services\\forecasts.ts": {"lines":{"total":4,"covered":4,"skipped":0,"pct":100},"functions":{"total":1,"covered":1,"skipped":0,"pct":100},"statements":{"total":4,"covered":4,"skipped":0,"pct":100},"branches":{"total":2,"covered":2,"skipped":0,"pct":100}}
}
