{"total": {"lines":{"total":249,"covered":210,"skipped":0,"pct":84.33},"statements":{"total":254,"covered":211,"skipped":0,"pct":83.07},"functions":{"total":32,"covered":25,"skipped":0,"pct":78.12},"branches":{"total":169,"covered":133,"skipped":0,"pct":78.69},"branchesTrue":{"total":0,"covered":0,"skipped":0,"pct":100}}
,"C:\\INGSOFT3\\INGSOFT3\\TP7\\server\\src\\app.ts": {"lines":{"total":51,"covered":49,"skipped":0,"pct":96.07},"functions":{"total":5,"covered":3,"skipped":0,"pct":60},"statements":{"total":52,"covered":49,"skipped":0,"pct":94.23},"branches":{"total":53,"covered":43,"skipped":0,"pct":81.13}}
,"C:\\INGSOFT3\\INGSOFT3\\TP7\\server\\src\\db.ts": {"lines":{"total":17,"covered":17,"skipped":0,"pct":100},"functions":{"total":3,"covered":3,"skipped":0,"pct":100},"statements":{"total":18,"covered":18,"skipped":0,"pct":100},"branches":{"total":12,"covered":11,"skipped":0,"pct":91.66}}
,"C:\\INGSOFT3\\INGSOFT3\\TP7\\server\\src\\index.ts": {"lines":{"total":33,"covered":28,"skipped":0,"pct":84.84},"functions":{"total":6,"covered":4,"skipped":0,"pct":66.66},"statements":{"total":34,"covered":28,"skipped":0,"pct":82.35},"branches":{"total":28,"covered":25,"skipped":0,"pct":89.28}}
,"C:\\INGSOFT3\\INGSOFT3\\TP7\\server\\src\\migrate.ts": {"lines":{"total":19,"covered":19,"skipped":0,"pct":100},"functions":{"total":3,"covered":3,"skipped":0,"pct":100},"statements":{"total":19,"covered":19,"skipped":0,"pct":100},"branches":{"total":0,"covered":0,"skipped":0,"pct":100}}
,"C:\\INGSOFT3\\INGSOFT3\\TP7\\server\\src\\seed.ts": {"lines":{"total":14,"covered":0,"skipped":0,"pct":0},"functions":{"total":1,"covered":0,"skipped":0,"pct":0},"statements":{"total":14,"covered":0,"skipped":0,"pct":0},"branches":{"total":0,"covered":0,"skipped":0,"pct":100}}
,"C:\\INGSOFT3\\INGSOFT3\\TP7\\server\\src\\routes\\api.ts": {"lines":{"total":91,"covered":88,"skipped":0,"pct":96.7},"functions":{"total":10,"covered":10,"skipped":0,"pct":100},"statements":{"total":91,"covered":88,"skipped":0,"pct":96.7},"branches":{"total":58,"covered":49,"skipped":0,"pct":84.48}}
,"C:\\INGSOFT3\\INGSOFT3\\TP7\\server\\src\\services\\forecasts.ts": {"lines":{"total":4,"covered":4,"skipped":0,"pct":100},"functions":{"total":1,"covered":1,"skipped":0,"pct":100},"statements":{"total":4,"covered":4,"skipped":0,"pct":100},"branches":{"total":2,"covered":2,"skipped":0,"pct":100}}
,"C:\\INGSOFT3\\INGSOFT3\\TP7\\server\\src\\services\\weather.ts": {"lines":{"total":20,"covered":5,"skipped":0,"pct":25},"functions":{"total":3,"covered":1,"skipped":0,"pct":33.33},"statements":{"total":22,"covered":5,"skipped":0,"pct":22.72},"branches":{"total":16,"covered":3,"skipped":0,"pct":18.75}}
}
