TN:
SF:src\app.ts
FN:9,(anonymous_1)
FN:15,(anonymous_2)
FN:20,(anonymous_3)
FN:37,(anonymous_4)
FN:56,(anonymous_5)
FNF:5
FNH:3
FNDA:20,(anonymous_1)
FNDA:0,(anonymous_2)
FNDA:7,(anonymous_3)
FNDA:0,(anonymous_4)
FNDA:5,(anonymous_5)
DA:2,13
DA:3,13
DA:5,13
DA:6,13
DA:9,13
DA:10,20
DA:11,20
DA:15,13
DA:16,0
DA:20,13
DA:21,7
DA:22,7
DA:25,7
DA:27,7
DA:30,6
DA:31,6
DA:33,6
DA:35,0
DA:36,0
DA:37,0
DA:38,0
DA:39,0
DA:41,0
DA:43,0
DA:44,0
DA:46,0
DA:49,0
DA:50,0
DA:53,6
DA:54,6
DA:56,6
DA:57,5
DA:58,5
DA:59,5
DA:61,5
DA:63,5
DA:64,3
DA:65,3
DA:66,2
DA:67,2
DA:68,2
DA:69,1
DA:70,1
DA:76,5
DA:79,6
DA:81,1
DA:82,1
DA:88,13
DA:90,13
LF:49
LH:37
BRDA:22,0,0,7
BRDA:22,0,1,7
BRDA:23,1,0,7
BRDA:23,1,1,7
BRDA:23,2,0,7
BRDA:23,2,1,7
BRDA:30,3,0,0
BRDA:30,3,1,6
BRDA:31,4,0,6
BRDA:31,4,1,6
BRDA:33,5,0,0
BRDA:33,5,1,6
BRDA:36,6,0,0
BRDA:36,6,1,0
BRDA:38,7,0,0
BRDA:38,7,1,0
BRDA:44,8,0,0
BRDA:44,8,1,0
BRDA:44,9,0,0
BRDA:44,9,1,0
BRDA:53,10,0,6
BRDA:53,10,1,0
BRDA:54,11,0,5
BRDA:54,11,1,1
BRDA:54,12,0,1
BRDA:54,12,1,0
BRDA:54,13,0,1
BRDA:54,13,1,1
BRDA:57,14,0,5
BRDA:57,14,1,5
BRDA:57,14,2,0
BRDA:61,15,0,5
BRDA:61,15,1,1
BRDA:63,16,0,3
BRDA:63,16,1,2
BRDA:63,17,0,5
BRDA:63,17,1,5
BRDA:64,18,0,3
BRDA:64,18,1,1
BRDA:64,18,2,1
BRDA:64,18,3,1
BRDA:65,19,0,3
BRDA:65,19,1,1
BRDA:65,19,2,1
BRDA:65,19,3,1
BRDA:66,20,0,2
BRDA:66,20,1,0
BRDA:69,21,0,1
BRDA:69,21,1,0
BRDA:69,21,2,0
BRDA:70,22,0,1
BRDA:70,22,1,0
BRDA:70,22,2,0
BRF:53
BRH:35
end_of_record
TN:
SF:src\db.ts
FN:8,getPool
FN:27,query
FN:32,close
FNF:3
FNH:3
FNDA:10,getPool
FNDA:10,query
FNDA:4,close
DA:2,12
DA:4,12
DA:6,12
DA:9,10
DA:10,9
DA:11,5
DA:12,4
DA:13,2
DA:22,2
DA:24,6
DA:27,12
DA:28,10
DA:29,7
DA:32,12
DA:33,4
DA:34,3
DA:35,3
LF:17
LH:17
BRDA:9,0,0,1
BRDA:9,0,1,9
BRDA:10,1,0,5
BRDA:10,1,1,4
BRDA:12,2,0,2
BRDA:12,2,1,2
BRDA:12,3,0,4
BRDA:12,3,1,2
BRDA:18,4,0,2
BRDA:18,4,1,0
BRDA:33,5,0,3
BRDA:33,5,1,1
BRF:12
BRH:11
end_of_record
TN:
SF:src\index.ts
FN:19,(anonymous_1)
FN:32,(anonymous_2)
FN:36,(anonymous_3)
FN:48,(anonymous_4)
FN:51,(anonymous_5)
FN:64,(anonymous_6)
FNF:6
FNH:4
FNDA:1,(anonymous_1)
FNDA:1,(anonymous_2)
FNDA:3,(anonymous_3)
FNDA:0,(anonymous_4)
FNDA:0,(anonymous_5)
FNDA:7,(anonymous_6)
DA:2,9
DA:3,9
DA:4,9
DA:5,9
DA:6,9
DA:8,9
DA:9,9
DA:12,9
DA:13,6
DA:14,3
DA:18,6
DA:19,6
DA:20,1
DA:21,1
DA:23,0
DA:30,9
DA:31,9
DA:32,2
DA:33,1
DA:36,7
DA:38,3
DA:39,1
DA:41,2
DA:47,9
DA:48,9
DA:49,0
DA:50,0
DA:51,0
DA:57,0
DA:62,9
DA:63,9
DA:64,9
DA:65,7
LF:33
LH:28
BRDA:9,0,0,9
BRDA:9,0,1,8
BRDA:12,1,0,6
BRDA:12,1,1,3
BRDA:13,2,0,3
BRDA:13,2,1,3
BRDA:18,3,0,6
BRDA:18,3,1,0
BRDA:20,4,0,1
BRDA:20,4,1,0
BRDA:20,5,0,1
BRDA:20,5,1,1
BRDA:30,6,0,9
BRDA:30,6,1,0
BRDA:31,7,0,2
BRDA:31,7,1,7
BRDA:38,8,0,1
BRDA:38,8,1,2
BRDA:47,9,0,9
BRDA:47,9,1,0
BRDA:49,10,0,0
BRDA:49,10,1,0
BRDA:62,11,0,9
BRDA:62,11,1,0
BRDA:63,12,0,2
BRDA:63,12,1,7
BRDA:65,13,0,7
BRDA:65,13,1,6
BRF:28
BRH:21
end_of_record
TN:
SF:src\migrate.ts
FN:6,run
FNF:1
FNH:1
FNDA:4,run
DA:2,4
DA:3,4
DA:4,4
DA:7,4
DA:8,4
DA:9,4
DA:10,3
DA:11,3
DA:12,2
DA:14,2
DA:15,2
DA:17,4
DA:21,4
LF:13
LH:13
BRF:0
BRH:0
end_of_record
TN:
SF:src\routes\api.ts
FN:7,(anonymous_1)
FN:18,(anonymous_2)
FNF:2
FNH:2
FNDA:5,(anonymous_1)
FNDA:8,(anonymous_2)
DA:2,13
DA:3,13
DA:5,13
DA:7,13
DA:8,5
DA:9,5
DA:10,3
DA:12,2
DA:13,2
DA:18,13
DA:19,8
DA:20,8
DA:22,6
DA:23,6
DA:25,2
DA:26,2
DA:30,13
LF:17
LH:17
BRDA:22,0,0,6
BRDA:22,0,1,2
BRF:2
BRH:2
end_of_record
TN:
SF:src\services\forecasts.ts
FN:4,getForecasts
FNF:1
FNH:1
FNDA:3,getForecasts
DA:2,2
DA:4,2
DA:5,3
DA:6,2
LF:4
LH:4
BRDA:6,0,0,2
BRDA:6,0,1,1
BRF:2
BRH:2
end_of_record
