TN:
SF:src\app.ts
FN:9,(anonymous_1)
FN:15,(anonymous_2)
FN:23,(anonymous_3)
FNF:3
FNH:3
FNDA:20,(anonymous_1)
FNDA:7,(anonymous_2)
FNDA:5,(anonymous_3)
DA:2,10
DA:3,10
DA:5,10
DA:6,10
DA:9,10
DA:10,20
DA:11,20
DA:15,10
DA:16,7
DA:18,7
DA:19,7
DA:20,6
DA:22,6
DA:24,5
DA:25,5
DA:26,5
DA:28,5
DA:29,5
DA:30,2
DA:31,2
DA:32,3
DA:33,2
DA:34,2
DA:35,1
DA:36,1
DA:42,5
DA:45,6
DA:47,1
DA:48,1
DA:54,10
DA:56,10
LF:31
LH:31
BRDA:22,0,0,5
BRDA:22,0,1,1
BRDA:22,1,0,1
BRDA:22,1,1,0
BRDA:24,2,0,5
BRDA:24,2,1,5
BRDA:24,2,2,0
BRDA:29,3,0,2
BRDA:29,3,1,3
BRDA:29,4,0,5
BRDA:29,4,1,4
BRDA:30,5,0,2
BRDA:30,5,1,0
BRDA:30,5,2,0
BRDA:31,6,0,2
BRDA:31,6,1,0
BRDA:31,6,2,0
BRDA:32,7,0,2
BRDA:32,7,1,1
BRDA:35,8,0,1
BRDA:35,8,1,0
BRDA:35,8,2,0
BRDA:36,9,0,1
BRDA:36,9,1,0
BRDA:36,9,2,0
BRF:25
BRH:15
end_of_record
TN:
SF:src\db.ts
FN:8,getPool
FN:27,query
FN:32,close
FNF:3
FNH:3
FNDA:10,getPool
FNDA:10,query
FNDA:4,close
DA:2,12
DA:4,12
DA:6,12
DA:9,10
DA:10,9
DA:11,5
DA:12,4
DA:13,2
DA:22,2
DA:24,6
DA:27,12
DA:28,10
DA:29,7
DA:32,12
DA:33,4
DA:34,3
DA:35,3
LF:17
LH:17
BRDA:9,0,0,1
BRDA:9,0,1,9
BRDA:10,1,0,5
BRDA:10,1,1,4
BRDA:12,2,0,2
BRDA:12,2,1,2
BRDA:12,3,0,4
BRDA:12,3,1,2
BRDA:18,4,0,2
BRDA:18,4,1,0
BRDA:33,5,0,3
BRDA:33,5,1,1
BRF:12
BRH:11
end_of_record
TN:
SF:src\index.ts
FN:18,(anonymous_1)
FN:31,(anonymous_2)
FN:35,(anonymous_3)
FN:47,(anonymous_4)
FN:50,(anonymous_5)
FN:62,(anonymous_6)
FNF:6
FNH:4
FNDA:1,(anonymous_1)
FNDA:1,(anonymous_2)
FNDA:3,(anonymous_3)
FNDA:0,(anonymous_4)
FNDA:0,(anonymous_5)
FNDA:7,(anonymous_6)
DA:2,9
DA:3,9
DA:4,9
DA:5,9
DA:7,9
DA:8,9
DA:11,9
DA:12,6
DA:13,3
DA:17,6
DA:18,6
DA:19,1
DA:20,1
DA:22,0
DA:29,9
DA:30,9
DA:31,2
DA:32,1
DA:35,7
DA:37,3
DA:38,1
DA:40,2
DA:46,9
DA:47,9
DA:48,0
DA:49,0
DA:50,0
DA:55,0
DA:60,9
DA:61,9
DA:62,9
DA:63,7
LF:32
LH:27
BRDA:8,0,0,9
BRDA:8,0,1,8
BRDA:11,1,0,6
BRDA:11,1,1,3
BRDA:12,2,0,3
BRDA:12,2,1,3
BRDA:17,3,0,6
BRDA:17,3,1,0
BRDA:19,4,0,1
BRDA:19,4,1,0
BRDA:19,5,0,1
BRDA:19,5,1,1
BRDA:29,6,0,9
BRDA:29,6,1,0
BRDA:30,7,0,2
BRDA:30,7,1,7
BRDA:37,8,0,1
BRDA:37,8,1,2
BRDA:46,9,0,9
BRDA:46,9,1,0
BRDA:48,10,0,0
BRDA:48,10,1,0
BRDA:60,11,0,9
BRDA:60,11,1,0
BRDA:61,12,0,2
BRDA:61,12,1,7
BRDA:63,13,0,7
BRDA:63,13,1,6
BRF:28
BRH:21
end_of_record
TN:
SF:src\migrate.ts
FN:6,run
FNF:1
FNH:1
FNDA:4,run
DA:2,4
DA:3,4
DA:4,4
DA:7,4
DA:8,4
DA:9,4
DA:10,3
DA:11,3
DA:12,2
DA:14,2
DA:15,2
DA:17,4
DA:21,4
LF:13
LH:13
BRF:0
BRH:0
end_of_record
TN:
SF:src\routes\api.ts
FN:7,(anonymous_1)
FN:21,(anonymous_2)
FNF:2
FNH:2
FNDA:5,(anonymous_1)
FNDA:8,(anonymous_2)
DA:2,10
DA:3,10
DA:5,10
DA:7,10
DA:8,5
DA:10,5
DA:11,5
DA:13,3
DA:15,2
DA:16,2
DA:21,10
DA:22,8
DA:23,8
DA:25,6
DA:26,6
DA:28,2
DA:29,2
DA:33,10
LF:18
LH:18
BRDA:10,0,0,5
BRDA:10,0,1,0
BRDA:10,1,0,5
BRDA:10,1,1,5
BRDA:25,2,0,6
BRDA:25,2,1,2
BRF:6
BRH:5
end_of_record
TN:
SF:src\services\forecasts.ts
FN:4,getForecasts
FNF:1
FNH:1
FNDA:3,getForecasts
DA:2,2
DA:4,2
DA:5,3
DA:6,2
LF:4
LH:4
BRDA:6,0,0,2
BRDA:6,0,1,1
BRF:2
BRH:2
end_of_record
