<?xml version="1.0" encoding="UTF-8"?>
<coverage generated="1762892578658" clover="3.2.0">
  <project timestamp="1762892578658" name="All files">
    <metrics statements="11" coveredstatements="11" conditionals="11" coveredconditionals="10" methods="6" coveredmethods="6" elements="28" coveredelements="27" complexity="0" loc="11" ncloc="11" packages="1" files="1" classes="1"/>
    <file name="App.tsx" path="C:\INGSOFT3\INGSOFT3\TP6\client\src\App.tsx">
      <metrics statements="11" coveredstatements="11" conditionals="11" coveredconditionals="10" methods="6" coveredmethods="6"/>
      <line num="9" count="2" type="cond" truecount="1" falsecount="1"/>
      <line num="12" count="8" type="stmt"/>
      <line num="13" count="8" type="stmt"/>
      <line num="15" count="8" type="stmt"/>
      <line num="16" count="4" type="stmt"/>
      <line num="18" count="3" type="cond" truecount="2" falsecount="0"/>
      <line num="19" count="2" type="stmt"/>
      <line num="21" count="2" type="stmt"/>
      <line num="22" count="2" type="stmt"/>
      <line num="25" count="8" type="stmt"/>
      <line num="34" count="2" type="stmt"/>
    </file>
  </project>
</coverage>
