{"C:\\INGSOFT3\\INGSOFT3\\TP6\\client\\src\\App.tsx": {"path":"C:\\INGSOFT3\\INGSOFT3\\TP6\\client\\src\\App.tsx","statementMap":{"0":{"start":{"line":9,"column":13},"end":{"line":9,"column":null}},"1":{"start":{"line":12,"column":24},"end":{"line":12,"column":null}},"2":{"start":{"line":13,"column":24},"end":{"line":13,"column":null}},"3":{"start":{"line":15,"column":2},"end":{"line":23,"column":null}},"4":{"start":{"line":16,"column":4},"end":{"line":22,"column":null}},"5":{"start":{"line":18,"column":8},"end":{"line":18,"column":null}},"6":{"start":{"line":18,"column":19},"end":{"line":18,"column":null}},"7":{"start":{"line":19,"column":8},"end":{"line":19,"column":null}},"8":{"start":{"line":21,"column":34},"end":{"line":21,"column":48}},"9":{"start":{"line":22,"column":22},"end":{"line":22,"column":43}},"10":{"start":{"line":25,"column":2},"end":{"line":40,"column":null}},"11":{"start":{"line":34,"column":12},"end":{"line":36,"column":null}}},"fnMap":{"0":{"name":"App","decl":{"start":{"line":11,"column":24},"end":{"line":11,"column":30}},"loc":{"start":{"line":11,"column":30},"end":{"line":42,"column":null}},"line":11},"1":{"name":"(anonymous_1)","decl":{"start":{"line":15,"column":12},"end":{"line":15,"column":18}},"loc":{"start":{"line":15,"column":18},"end":{"line":23,"column":5}},"line":15},"2":{"name":"(anonymous_2)","decl":{"start":{"line":17,"column":12},"end":{"line":17,"column":13}},"loc":{"start":{"line":17,"column":19},"end":{"line":20,"column":7}},"line":17},"3":{"name":"(anonymous_3)","decl":{"start":{"line":21,"column":12},"end":{"line":21,"column":13}},"loc":{"start":{"line":21,"column":34},"end":{"line":21,"column":48}},"line":21},"4":{"name":"(anonymous_4)","decl":{"start":{"line":22,"column":13},"end":{"line":22,"column":14}},"loc":{"start":{"line":22,"column":22},"end":{"line":22,"column":43}},"line":22},"5":{"name":"(anonymous_5)","decl":{"start":{"line":33,"column":21},"end":{"line":33,"column":22}},"loc":{"start":{"line":34,"column":12},"end":{"line":36,"column":null}},"line":34}},"branchMap":{"0":{"loc":{"start":{"line":9,"column":13},"end":{"line":9,"column":null}},"type":"binary-expr","locations":[{"start":{"line":9,"column":13},"end":{"line":9,"column":56}},{"start":{"line":9,"column":56},"end":{"line":9,"column":null}}],"line":9},"1":{"loc":{"start":{"line":18,"column":8},"end":{"line":18,"column":null}},"type":"if","locations":[{"start":{"line":18,"column":8},"end":{"line":18,"column":null}},{"start":{},"end":{}}],"line":18},"2":{"loc":{"start":{"line":29,"column":7},"end":{"line":29,"column":null}},"type":"binary-expr","locations":[{"start":{"line":29,"column":7},"end":{"line":29,"column":16}},{"start":{"line":29,"column":16},"end":{"line":29,"column":null}}],"line":29},"3":{"loc":{"start":{"line":30,"column":7},"end":{"line":30,"column":null}},"type":"binary-expr","locations":[{"start":{"line":30,"column":7},"end":{"line":30,"column":17}},{"start":{"line":30,"column":17},"end":{"line":30,"column":27}},{"start":{"line":30,"column":27},"end":{"line":30,"column":null}}],"line":30},"4":{"loc":{"start":{"line":31,"column":7},"end":{"line":38,"column":null}},"type":"binary-expr","locations":[{"start":{"line":31,"column":7},"end":{"line":31,"column":null}},{"start":{"line":32,"column":8},"end":{"line":38,"column":null}}],"line":31}},"s":{"0":2,"1":8,"2":8,"3":8,"4":4,"5":3,"6":1,"7":2,"8":2,"9":2,"10":8,"11":2},"f":{"0":8,"1":4,"2":3,"3":2,"4":2,"5":2},"b":{"0":[2,0],"1":[1,2],"2":[8,2],"3":[8,6,4],"4":[8,2]},"meta":{"lastBranch":5,"lastFunction":6,"lastStatement":12,"seen":{"s:9:13:9:Infinity":0,"b:9:13:9:56:9:56:9:Infinity":0,"f:11:24:11:30":0,"s:12:24:12:Infinity":1,"s:13:24:13:Infinity":2,"s:15:2:23:Infinity":3,"f:15:12:15:18":1,"s:16:4:22:Infinity":4,"f:17:12:17:13":2,"b:18:8:18:Infinity:undefined:undefined:undefined:undefined":1,"s:18:8:18:Infinity":5,"s:18:19:18:Infinity":6,"s:19:8:19:Infinity":7,"f:21:12:21:13":3,"s:21:34:21:48":8,"f:22:13:22:14":4,"s:22:22:22:43":9,"s:25:2:40:Infinity":10,"b:29:7:29:16:29:16:29:Infinity":2,"b:30:7:30:17:30:17:30:27:30:27:30:Infinity":3,"b:31:7:31:Infinity:32:8:38:Infinity":4,"f:33:21:33:22":5,"s:34:12:36:Infinity":11}}}
}
