{"total": {"lines":{"total":22,"covered":21,"skipped":0,"pct":95.45},"statements":{"total":24,"covered":22,"skipped":0,"pct":91.66},"functions":{"total":12,"covered":11,"skipped":0,"pct":91.66},"branches":{"total":22,"covered":18,"skipped":0,"pct":81.81},"branchesTrue":{"total":0,"covered":0,"skipped":0,"pct":"Unknown"}}
,"C:\\INGSOFT3\\INGSOFT3\\TP7\\client\\src\\App.tsx": {"lines":{"total":11,"covered":11,"skipped":0,"pct":100},"functions":{"total":6,"covered":6,"skipped":0,"pct":100},"statements":{"total":12,"covered":12,"skipped":0,"pct":100},"branches":{"total":11,"covered":10,"skipped":0,"pct":90.9}}
,"C:\\INGSOFT3\\INGSOFT3\\TP7\\client\\src\\main.tsx": {"lines":{"total":11,"covered":10,"skipped":0,"pct":90.9},"functions":{"total":6,"covered":5,"skipped":0,"pct":83.33},"statements":{"total":12,"covered":10,"skipped":0,"pct":83.33},"branches":{"total":11,"covered":8,"skipped":0,"pct":72.72}}
}
