TN:
SF:src\App.tsx
FN:20,(anonymous_0)
FN:24,(anonymous_1)
FN:36,(anonymous_2)
FN:39,App
FN:50,(anonymous_4)
FN:56,(anonymous_5)
FN:63,(anonymous_6)
FN:67,(anonymous_7)
FN:103,(anonymous_8)
FN:107,(anonymous_9)
FN:131,(anonymous_10)
FN:144,(anonymous_11)
FN:159,(anonymous_12)
FN:164,(anonymous_13)
FN:177,(anonymous_14)
FN:198,(anonymous_15)
FN:199,(anonymous_16)
FN:265,(anonymous_17)
FNF:18
FNH:9
FNDA:9,(anonymous_0)
FNDA:17,(anonymous_1)
FNDA:17,(anonymous_2)
FNDA:36,App
FNDA:12,(anonymous_4)
FNDA:0,(anonymous_5)
FNDA:12,(anonymous_6)
FNDA:12,(anonymous_7)
FNDA:12,(anonymous_8)
FNDA:0,(anonymous_9)
FNDA:0,(anonymous_10)
FNDA:0,(anonymous_11)
FNDA:0,(anonymous_12)
FNDA:0,(anonymous_13)
FNDA:0,(anonymous_14)
FNDA:0,(anonymous_15)
FNDA:0,(anonymous_16)
FNDA:17,(anonymous_17)
DA:18,8
DA:20,8
DA:21,9
DA:23,9
DA:25,17
DA:26,17
DA:27,17
DA:28,17
DA:30,17
DA:36,17
DA:40,36
DA:41,36
DA:42,36
DA:43,36
DA:44,36
DA:45,36
DA:46,36
DA:47,36
DA:50,36
DA:51,12
DA:52,12
DA:53,12
DA:54,3
DA:55,3
DA:56,3
DA:59,0
DA:63,36
DA:64,12
DA:67,36
DA:68,12
DA:69,12
DA:70,12
DA:71,12
DA:75,12
DA:76,11
DA:78,9
DA:81,9
DA:82,0
DA:83,0
DA:84,0
DA:85,0
DA:87,9
DA:88,9
DA:89,9
DA:92,9
DA:93,0
DA:96,3
DA:98,12
DA:103,36
DA:104,12
DA:107,36
DA:108,0
DA:109,0
DA:110,0
DA:113,0
DA:114,0
DA:120,0
DA:121,0
DA:125,0
DA:127,0
DA:131,36
DA:132,0
DA:133,0
DA:135,0
DA:139,36
DA:140,0
DA:144,0
DA:160,0
DA:161,0
DA:162,0
DA:164,0
DA:170,36
DA:177,0
DA:198,0
DA:199,0
DA:266,17
LF:76
LH:49
BRDA:18,0,0,8
BRDA:18,0,1,0
BRDA:21,1,0,9
BRDA:21,1,1,0
BRDA:21,2,0,0
BRDA:21,2,1,0
BRDA:25,3,0,17
BRDA:25,3,1,17
BRDA:26,4,0,17
BRDA:26,4,1,0
BRDA:26,4,2,0
BRDA:26,4,3,0
BRDA:27,5,0,17
BRDA:27,5,1,0
BRDA:27,5,2,0
BRDA:27,5,3,0
BRDA:28,6,0,17
BRDA:28,6,1,0
BRDA:28,6,2,0
BRDA:28,6,3,0
BRDA:36,7,0,17
BRDA:36,7,1,17
BRDA:36,7,2,0
BRDA:53,8,0,3
BRDA:53,8,1,9
BRDA:55,9,0,3
BRDA:55,9,1,0
BRDA:71,10,0,0
BRDA:71,10,1,12
BRDA:72,11,0,0
BRDA:72,11,1,0
BRDA:76,12,0,2
BRDA:76,12,1,9
BRDA:81,13,0,0
BRDA:81,13,1,9
BRDA:81,14,0,9
BRDA:81,14,1,9
BRDA:81,14,2,9
BRDA:92,15,0,0
BRDA:92,15,1,9
BRDA:96,16,0,3
BRDA:96,16,1,0
BRDA:108,17,0,0
BRDA:108,17,1,0
BRDA:120,18,0,0
BRDA:120,18,1,0
BRDA:120,19,0,0
BRDA:120,19,1,0
BRDA:127,20,0,0
BRDA:127,20,1,0
BRDA:132,21,0,0
BRDA:132,21,1,0
BRDA:139,22,0,0
BRDA:139,22,1,36
BRDA:188,23,0,36
BRDA:188,23,1,0
BRDA:190,24,0,36
BRDA:190,24,1,0
BRDA:190,24,2,0
BRDA:202,25,0,36
BRDA:202,25,1,3
BRDA:214,26,0,36
BRDA:214,26,1,0
BRDA:226,27,0,0
BRDA:226,27,1,0
BRDA:241,28,0,36
BRDA:241,28,1,36
BRDA:241,28,2,0
BRDA:252,29,0,36
BRDA:252,29,1,12
BRDA:252,29,2,12
BRDA:258,30,0,36
BRDA:258,30,1,9
BRDA:258,30,2,9
BRDA:290,31,0,36
BRDA:290,31,1,24
BRDA:290,31,2,9
BRDA:290,31,3,15
BRDA:290,31,4,12
BRF:79
BRH:40
end_of_record
TN:
SF:src\main.tsx
FN:5,mountRoot
FN:20,(anonymous_1)
FNF:2
FNH:2
FNDA:6,mountRoot
FNDA:2,(anonymous_1)
DA:6,6
DA:7,3
DA:8,3
DA:13,3
DA:16,4
DA:17,4
DA:18,2
DA:20,2
LF:8
LH:8
BRDA:5,0,0,6
BRDA:6,1,0,3
BRDA:6,1,1,3
BRDA:16,2,0,4
BRDA:16,2,1,0
BRDA:17,3,0,2
BRDA:17,3,1,2
BRF:7
BRH:6
end_of_record
TN:
SF:src\components\CacheStatus.tsx
FN:9,(anonymous_0)
FN:10,(anonymous_1)
FNF:2
FNH:2
FNDA:5,(anonymous_0)
FNDA:5,(anonymous_1)
DA:9,9
DA:10,5
DA:11,5
DA:12,2
DA:13,2
DA:15,2
DA:16,1
DA:17,0
DA:18,0
DA:21,5
LF:10
LH:8
BRDA:11,0,0,3
BRDA:11,0,1,2
BRDA:15,1,0,1
BRDA:15,1,1,1
BRDA:16,2,0,1
BRDA:16,2,1,0
BRDA:17,3,0,0
BRDA:17,3,1,0
BRDA:38,4,0,1
BRDA:38,4,1,4
BRDA:39,5,0,1
BRDA:39,5,1,4
BRDA:42,6,0,1
BRDA:42,6,1,4
BRF:14
BRH:11
end_of_record
TN:
SF:src\components\RecentSearches.tsx
FN:8,(anonymous_0)
FN:14,(anonymous_1)
FN:18,(anonymous_2)
FN:30,(anonymous_3)
FN:54,(anonymous_4)
FN:94,(anonymous_5)
FN:98,(anonymous_6)
FNF:7
FNH:7
FNDA:51,(anonymous_0)
FNDA:16,(anonymous_1)
FNDA:17,(anonymous_2)
FNDA:1,(anonymous_3)
FNDA:5,(anonymous_4)
FNDA:3,(anonymous_5)
FNDA:1,(anonymous_6)
DA:8,9
DA:9,51
DA:10,51
DA:11,51
DA:12,51
DA:14,51
DA:15,16
DA:18,51
DA:19,17
DA:20,17
DA:21,17
DA:22,8
DA:23,8
DA:26,0
DA:30,51
DA:31,1
DA:32,1
DA:34,1
DA:35,1
DA:36,1
DA:37,1
DA:38,1
DA:40,1
DA:42,0
DA:44,1
DA:48,51
DA:54,5
DA:95,3
DA:98,1
LF:29
LH:27
BRDA:12,0,0,51
BRDA:12,0,1,0
BRDA:21,1,0,8
BRDA:21,1,1,9
BRDA:23,2,0,8
BRDA:23,2,1,0
BRDA:32,3,0,0
BRDA:32,3,1,1
BRDA:74,4,0,1
BRDA:74,4,1,50
BRDA:75,5,0,1
BRDA:75,5,1,50
BRDA:78,6,0,1
BRDA:78,6,1,50
BRDA:82,7,0,51
BRDA:82,7,1,2
BRF:16
BRH:13
end_of_record
TN:
SF:src\pages\Favorites.tsx
FN:16,(anonymous_0)
FN:21,(anonymous_1)
FN:25,(anonymous_2)
FN:42,(anonymous_3)
FN:50,(anonymous_4)
FN:60,(anonymous_5)
FN:88,(anonymous_6)
FN:102,(anonymous_7)
FN:122,(anonymous_8)
FNF:9
FNH:9
FNDA:13,(anonymous_0)
FNDA:6,(anonymous_1)
FNDA:6,(anonymous_2)
FNDA:1,(anonymous_3)
FNDA:1,(anonymous_4)
FNDA:1,(anonymous_5)
FNDA:4,(anonymous_6)
FNDA:1,(anonymous_7)
FNDA:1,(anonymous_8)
DA:14,9
DA:16,9
DA:17,13
DA:18,13
DA:19,13
DA:21,13
DA:22,6
DA:25,13
DA:26,6
DA:27,6
DA:28,6
DA:29,6
DA:30,5
DA:31,5
DA:33,1
DA:36,0
DA:38,6
DA:42,13
DA:43,1
DA:45,1
DA:46,1
DA:49,1
DA:50,1
DA:51,1
DA:53,0
DA:56,0
DA:60,13
DA:61,1
DA:64,13
DA:89,4
DA:102,1
DA:122,1
LF:32
LH:29
BRDA:14,0,0,9
BRDA:14,0,1,0
BRDA:29,1,0,5
BRDA:29,1,1,1
BRDA:31,2,0,5
BRDA:31,2,1,0
BRDA:36,3,0,0
BRDA:36,3,1,0
BRDA:43,4,0,0
BRDA:43,4,1,1
BRDA:49,5,0,1
BRDA:49,5,1,0
BRDA:56,6,0,0
BRDA:56,6,1,0
BRDA:68,7,0,13
BRDA:68,7,1,1
BRDA:74,8,0,13
BRDA:74,8,1,6
BRDA:76,9,0,13
BRDA:76,9,1,7
BRDA:76,9,2,4
BRDA:82,10,0,13
BRDA:82,10,1,3
BRF:23
BRH:15
end_of_record
