TN:
SF:src\App.tsx
FN:11,App
FN:15,(anonymous_1)
FN:17,(anonymous_2)
FN:21,(anonymous_3)
FN:22,(anonymous_4)
FN:33,(anonymous_5)
FNF:6
FNH:6
FNDA:8,App
FNDA:4,(anonymous_1)
FNDA:2,(anonymous_2)
FNDA:1,(anonymous_3)
FNDA:3,(anonymous_4)
FNDA:1,(anonymous_5)
DA:9,2
DA:12,8
DA:13,8
DA:15,8
DA:16,4
DA:18,2
DA:19,1
DA:21,1
DA:22,3
DA:25,8
DA:34,1
LF:11
LH:11
BRDA:9,0,0,2
BRDA:9,0,1,0
BRDA:18,1,0,1
BRDA:18,1,1,1
BRDA:29,2,0,8
BRDA:29,2,1,3
BRDA:30,3,0,8
BRDA:30,3,1,7
BRDA:30,3,2,4
BRDA:31,4,0,8
BRDA:31,4,1,1
BRF:11
BRH:10
end_of_record