<?xml version="1.0" encoding="UTF-8"?>
<coverage generated="1762891687513" clover="3.2.0">
  <project timestamp="1762891687514" name="All files">
    <metrics statements="28" coveredstatements="28" conditionals="8" coveredconditionals="8" methods="3" coveredmethods="3" elements="39" coveredelements="39" complexity="0" loc="28" ncloc="28" packages="3" files="3" classes="3"/>
    <package name="src">
      <metrics statements="6" coveredstatements="6" conditionals="0" coveredconditionals="0" methods="0" coveredmethods="0"/>
      <file name="app.ts" path="C:\INGSOFT3\INGSOFT3\TP6\server\src\app.ts">
        <metrics statements="6" coveredstatements="6" conditionals="0" coveredconditionals="0" methods="0" coveredmethods="0"/>
        <line num="1" count="6" type="stmt"/>
        <line num="2" count="6" type="stmt"/>
        <line num="4" count="6" type="stmt"/>
        <line num="5" count="6" type="stmt"/>
        <line num="8" count="6" type="stmt"/>
        <line num="10" count="6" type="stmt"/>
      </file>
    </package>
    <package name="src.routes">
      <metrics statements="18" coveredstatements="18" conditionals="6" coveredconditionals="6" methods="2" coveredmethods="2"/>
      <file name="api.ts" path="C:\INGSOFT3\INGSOFT3\TP6\server\src\routes\api.ts">
        <metrics statements="18" coveredstatements="18" conditionals="6" coveredconditionals="6" methods="2" coveredmethods="2"/>
        <line num="2" count="6" type="stmt"/>
        <line num="3" count="6" type="stmt"/>
        <line num="5" count="6" type="stmt"/>
        <line num="7" count="6" type="stmt"/>
        <line num="8" count="3" type="stmt"/>
        <line num="10" count="3" type="cond" truecount="4" falsecount="0"/>
        <line num="11" count="2" type="stmt"/>
        <line num="13" count="2" type="stmt"/>
        <line num="15" count="1" type="stmt"/>
        <line num="16" count="1" type="stmt"/>
        <line num="21" count="6" type="stmt"/>
        <line num="22" count="6" type="stmt"/>
        <line num="23" count="6" type="stmt"/>
        <line num="25" count="5" type="cond" truecount="2" falsecount="0"/>
        <line num="26" count="5" type="stmt"/>
        <line num="28" count="1" type="stmt"/>
        <line num="29" count="1" type="stmt"/>
        <line num="33" count="6" type="stmt"/>
      </file>
    </package>
    <package name="src.services">
      <metrics statements="4" coveredstatements="4" conditionals="2" coveredconditionals="2" methods="1" coveredmethods="1"/>
      <file name="forecasts.ts" path="C:\INGSOFT3\INGSOFT3\TP6\server\src\services\forecasts.ts">
        <metrics statements="4" coveredstatements="4" conditionals="2" coveredconditionals="2" methods="1" coveredmethods="1"/>
        <line num="2" count="2" type="stmt"/>
        <line num="4" count="2" type="stmt"/>
        <line num="5" count="3" type="stmt"/>
        <line num="6" count="2" type="cond" truecount="2" falsecount="0"/>
      </file>
    </package>
  </project>
</coverage>